{"level":"info","message":"identity service is running at 3001","service":"identity-service","timestamp":"2025-04-07T13:26:47.727Z"}
{"level":"info","message":"Connected to mongodb","service":"identity-service","timestamp":"2025-04-07T13:26:48.436Z"}
{"level":"info","message":"Received POST request to /api/auth/register","service":"identity-service","timestamp":"2025-04-07T13:32:21.486Z"}
{"level":"info","message":"Request body, [object Object]","service":"identity-service","timestamp":"2025-04-07T13:32:21.487Z"}
{"level":"info","message":"Registration endpoint hit...","service":"identity-service","timestamp":"2025-04-07T13:32:21.491Z"}
{"buffer":{"data":[103,243,211,229,236,100,206,56,103,169,127,150],"type":"Buffer"},"level":"warn","message":"User saved successfully","service":"identity-service","timestamp":"2025-04-07T13:32:21.635Z"}
{"level":"error","message":"TypeError: logger.err is not a function\n    at registerUser (file:///Users/chaitanya/Documents/nodejs-microservices/identity-service/src/controllers/identity-controller.js:48:12)\n    at process.processTicksAndRejections (node:internal/process/task_queues:105:5)","service":"identity-service","timestamp":"2025-04-07T13:32:21.638Z"}
{"level":"info","message":"identity service is running at 3001","service":"identity-service","timestamp":"2025-04-07T13:32:51.388Z"}
{"level":"info","message":"Connected to mongodb","service":"identity-service","timestamp":"2025-04-07T13:32:51.804Z"}
{"level":"info","message":"Received POST request to /api/auth/register","service":"identity-service","timestamp":"2025-04-07T13:32:57.133Z"}
{"level":"info","message":"Request body, [object Object]","service":"identity-service","timestamp":"2025-04-07T13:32:57.134Z"}
{"level":"info","message":"Registration endpoint hit...","service":"identity-service","timestamp":"2025-04-07T13:32:57.137Z"}
{"level":"error","message":"Registration error occured Cannot read properties of undefined (reading 'details')","service":"identity-service","stack":"TypeError: Cannot read properties of undefined (reading 'details')\n    at registerUser (file:///Users/chaitanya/Documents/nodejs-microservices/identity-service/src/controllers/identity-controller.js:28:48)\n    at process.processTicksAndRejections (node:internal/process/task_queues:105:5)","timestamp":"2025-04-07T13:32:57.183Z"}
{"level":"info","message":"identity service is running at 3001","service":"identity-service","timestamp":"2025-04-07T13:38:50.923Z"}
{"level":"info","message":"Connected to mongodb","service":"identity-service","timestamp":"2025-04-07T13:38:51.340Z"}
{"level":"info","message":"Received POST request to /api/auth/register","service":"identity-service","timestamp":"2025-04-07T13:38:59.325Z"}
{"level":"info","message":"Request body, [object Object]","service":"identity-service","timestamp":"2025-04-07T13:38:59.326Z"}
{"level":"info","message":"Registration endpoint hit...","service":"identity-service","timestamp":"2025-04-07T13:38:59.329Z"}
{"0":"E","1":"m","10":"s","11":"e","12":"r","13":"n","14":"a","15":"m","16":"e","17":" ","18":"a","19":"l","2":"a","20":"r","21":"e","22":"a","23":"d","24":"y","25":" ","26":"t","27":"a","28":"k","29":"e","3":"i","30":"n","4":"l","5":" ","6":"o","7":"r","8":" ","9":"u","level":"warn","message":"User already exists","service":"identity-service","timestamp":"2025-04-07T13:38:59.373Z"}
{"level":"info","message":"Received POST request to /api/auth/register","service":"identity-service","timestamp":"2025-04-07T13:39:08.537Z"}
{"level":"info","message":"Request body, [object Object]","service":"identity-service","timestamp":"2025-04-07T13:39:08.537Z"}
{"level":"info","message":"Registration endpoint hit...","service":"identity-service","timestamp":"2025-04-07T13:39:08.539Z"}
{"buffer":{"data":[103,243,213,124,24,119,170,155,221,176,97,246],"type":"Buffer"},"level":"warn","message":"User saved successfully","service":"identity-service","timestamp":"2025-04-07T13:39:08.666Z"}
{"_message":"refreshToken validation failed","errors":{"expiredAt":{"kind":"required","message":"Path `expiredAt` is required.","name":"ValidatorError","path":"expiredAt","properties":{"message":"Path `expiredAt` is required.","path":"expiredAt","type":"required"}}},"level":"error","message":"Registration error occured refreshToken validation failed: expiredAt: Path `expiredAt` is required.","service":"identity-service","stack":"ValidationError: refreshToken validation failed: expiredAt: Path `expiredAt` is required.\n    at Document.invalidate (/Users/chaitanya/Documents/nodejs-microservices/identity-service/node_modules/mongoose/lib/document.js:3351:32)\n    at /Users/chaitanya/Documents/nodejs-microservices/identity-service/node_modules/mongoose/lib/document.js:3112:17\n    at /Users/chaitanya/Documents/nodejs-microservices/identity-service/node_modules/mongoose/lib/schemaType.js:1407:9\n    at process.processTicksAndRejections (node:internal/process/task_queues:85:11)","timestamp":"2025-04-07T13:39:08.670Z"}
{"level":"info","message":"identity service is running at 3001","service":"identity-service","timestamp":"2025-04-07T13:44:13.246Z"}
{"level":"info","message":"Connected to mongodb","service":"identity-service","timestamp":"2025-04-07T13:44:13.727Z"}
{"level":"info","message":"identity service is running at 3001","service":"identity-service","timestamp":"2025-04-07T13:44:32.564Z"}
{"level":"info","message":"Connected to mongodb","service":"identity-service","timestamp":"2025-04-07T13:44:32.935Z"}
{"level":"info","message":"Received POST request to /api/auth/register","service":"identity-service","timestamp":"2025-04-07T13:44:36.745Z"}
{"level":"info","message":"Request body, [object Object]","service":"identity-service","timestamp":"2025-04-07T13:44:36.746Z"}
{"level":"info","message":"Registration endpoint hit...","service":"identity-service","timestamp":"2025-04-07T13:44:36.749Z"}
{"0":"E","1":"m","10":"s","11":"e","12":"r","13":"n","14":"a","15":"m","16":"e","17":" ","18":"a","19":"l","2":"a","20":"r","21":"e","22":"a","23":"d","24":"y","25":" ","26":"t","27":"a","28":"k","29":"e","3":"i","30":"n","4":"l","5":" ","6":"o","7":"r","8":" ","9":"u","level":"warn","message":"User already exists","service":"identity-service","timestamp":"2025-04-07T13:44:36.791Z"}
{"level":"info","message":"Received POST request to /api/auth/register","service":"identity-service","timestamp":"2025-04-07T13:44:45.269Z"}
{"level":"info","message":"Request body, [object Object]","service":"identity-service","timestamp":"2025-04-07T13:44:45.269Z"}
{"level":"info","message":"Registration endpoint hit...","service":"identity-service","timestamp":"2025-04-07T13:44:45.272Z"}
{"0":"E","1":"m","10":"s","11":"e","12":"r","13":"n","14":"a","15":"m","16":"e","17":" ","18":"a","19":"l","2":"a","20":"r","21":"e","22":"a","23":"d","24":"y","25":" ","26":"t","27":"a","28":"k","29":"e","3":"i","30":"n","4":"l","5":" ","6":"o","7":"r","8":" ","9":"u","level":"warn","message":"User already exists","service":"identity-service","timestamp":"2025-04-07T13:44:45.319Z"}
{"level":"info","message":"Received POST request to /api/auth/register","service":"identity-service","timestamp":"2025-04-07T13:44:55.490Z"}
{"level":"info","message":"Request body, [object Object]","service":"identity-service","timestamp":"2025-04-07T13:44:55.490Z"}
{"level":"info","message":"Registration endpoint hit...","service":"identity-service","timestamp":"2025-04-07T13:44:55.492Z"}
{"buffer":{"data":[103,243,214,215,119,85,236,82,129,231,194,26],"type":"Buffer"},"level":"warn","message":"User saved successfully","service":"identity-service","timestamp":"2025-04-07T13:44:55.625Z"}
{"_message":"refreshToken validation failed","errors":{"expiredAt":{"kind":"required","message":"Path `expiredAt` is required.","name":"ValidatorError","path":"expiredAt","properties":{"message":"Path `expiredAt` is required.","path":"expiredAt","type":"required"}}},"level":"error","message":"Registration error occured refreshToken validation failed: expiredAt: Path `expiredAt` is required.","service":"identity-service","stack":"ValidationError: refreshToken validation failed: expiredAt: Path `expiredAt` is required.\n    at Document.invalidate (/Users/chaitanya/Documents/nodejs-microservices/identity-service/node_modules/mongoose/lib/document.js:3351:32)\n    at /Users/chaitanya/Documents/nodejs-microservices/identity-service/node_modules/mongoose/lib/document.js:3112:17\n    at /Users/chaitanya/Documents/nodejs-microservices/identity-service/node_modules/mongoose/lib/schemaType.js:1407:9\n    at process.processTicksAndRejections (node:internal/process/task_queues:85:11)","timestamp":"2025-04-07T13:44:55.629Z"}
{"level":"info","message":"identity service is running at 3001","service":"identity-service","timestamp":"2025-04-07T13:47:13.397Z"}
{"level":"info","message":"Connected to mongodb","service":"identity-service","timestamp":"2025-04-07T13:47:13.826Z"}
{"level":"info","message":"identity service is running at 3001","service":"identity-service","timestamp":"2025-04-07T13:48:21.808Z"}
{"level":"info","message":"Connected to mongodb","service":"identity-service","timestamp":"2025-04-07T13:48:22.179Z"}
{"level":"info","message":"Received POST request to /api/auth/register","service":"identity-service","timestamp":"2025-04-07T13:48:49.207Z"}
{"level":"info","message":"Request body, [object Object]","service":"identity-service","timestamp":"2025-04-07T13:48:49.208Z"}
{"level":"info","message":"Registration endpoint hit...","service":"identity-service","timestamp":"2025-04-07T13:48:49.214Z"}
{"buffer":{"data":[103,243,215,193,225,68,222,177,194,36,179,67],"type":"Buffer"},"level":"warn","message":"User saved successfully","service":"identity-service","timestamp":"2025-04-07T13:48:49.342Z"}
{"level":"error","message":"Registration error occured expiredAt is not defined","service":"identity-service","stack":"ReferenceError: expiredAt is not defined\n    at generateTokens (file:///Users/chaitanya/Documents/nodejs-microservices/identity-service/src/utils/generateToken.js:24:5)\n    at registerUser (file:///Users/chaitanya/Documents/nodejs-microservices/identity-service/src/controllers/identity-controller.js:39:49)\n    at process.processTicksAndRejections (node:internal/process/task_queues:105:5)","timestamp":"2025-04-07T13:48:49.344Z"}
{"level":"info","message":"identity service is running at 3001","service":"identity-service","timestamp":"2025-04-07T13:49:37.502Z"}
{"level":"info","message":"Connected to mongodb","service":"identity-service","timestamp":"2025-04-07T13:49:37.846Z"}
{"level":"info","message":"identity service is running at 3001","service":"identity-service","timestamp":"2025-04-07T13:49:56.618Z"}
{"level":"info","message":"Connected to mongodb","service":"identity-service","timestamp":"2025-04-07T13:49:59.020Z"}
{"level":"info","message":"identity service is running at 3001","service":"identity-service","timestamp":"2025-04-07T13:50:04.164Z"}
{"level":"info","message":"Connected to mongodb","service":"identity-service","timestamp":"2025-04-07T13:50:04.542Z"}
{"level":"info","message":"Received POST request to /api/auth/register","service":"identity-service","timestamp":"2025-04-07T13:50:10.282Z"}
{"level":"info","message":"Request body, [object Object]","service":"identity-service","timestamp":"2025-04-07T13:50:10.282Z"}
{"level":"info","message":"Registration endpoint hit...","service":"identity-service","timestamp":"2025-04-07T13:50:10.286Z"}
{"0":"E","1":"m","10":"s","11":"e","12":"r","13":"n","14":"a","15":"m","16":"e","17":" ","18":"a","19":"l","2":"a","20":"r","21":"e","22":"a","23":"d","24":"y","25":" ","26":"t","27":"a","28":"k","29":"e","3":"i","30":"n","4":"l","5":" ","6":"o","7":"r","8":" ","9":"u","level":"warn","message":"User already exists","service":"identity-service","timestamp":"2025-04-07T13:50:10.332Z"}
{"level":"info","message":"Received POST request to /api/auth/register","service":"identity-service","timestamp":"2025-04-07T13:50:19.125Z"}
{"level":"info","message":"Request body, [object Object]","service":"identity-service","timestamp":"2025-04-07T13:50:19.125Z"}
{"level":"info","message":"Registration endpoint hit...","service":"identity-service","timestamp":"2025-04-07T13:50:19.127Z"}
{"buffer":{"data":[103,243,216,27,194,41,53,98,209,103,167,246],"type":"Buffer"},"level":"warn","message":"User saved successfully","service":"identity-service","timestamp":"2025-04-07T13:50:19.260Z"}
{"level":"info","message":"identity service is running at 3001","service":"identity-service","timestamp":"2025-04-07T20:14:25.943Z"}
{"level":"info","message":"Connected to mongodb","service":"identity-service","timestamp":"2025-04-07T20:14:26.323Z"}
{"level":"info","message":"Received POST request to /register","service":"identity-service","timestamp":"2025-04-07T20:18:38.591Z"}
{"level":"info","message":"Request body, [object Object]","service":"identity-service","timestamp":"2025-04-07T20:18:38.592Z"}
{"level":"info","message":"identity service is running at 3001","service":"identity-service","timestamp":"2025-04-07T20:20:42.823Z"}
{"level":"info","message":"Connected to mongodb","service":"identity-service","timestamp":"2025-04-07T20:20:43.187Z"}
{"level":"info","message":"Received POST request to /register","service":"identity-service","timestamp":"2025-04-07T20:32:32.404Z"}
{"level":"info","message":"Request body, [object Object]","service":"identity-service","timestamp":"2025-04-07T20:32:32.404Z"}
{"level":"info","message":"Received POST request to /register","service":"identity-service","timestamp":"2025-04-07T20:33:17.515Z"}
{"level":"info","message":"Request body, [object Object]","service":"identity-service","timestamp":"2025-04-07T20:33:17.517Z"}
{"level":"info","message":"Received POST request to /register","service":"identity-service","timestamp":"2025-04-07T20:33:27.418Z"}
{"level":"info","message":"Request body, [object Object]","service":"identity-service","timestamp":"2025-04-07T20:33:27.418Z"}
{"level":"info","message":"Received POST request to /api/auth/register","service":"identity-service","timestamp":"2025-04-07T20:38:07.803Z"}
{"level":"info","message":"Request body, [object Object]","service":"identity-service","timestamp":"2025-04-07T20:38:07.804Z"}
{"level":"info","message":"Registration endpoint hit...","service":"identity-service","timestamp":"2025-04-07T20:38:07.808Z"}
{"buffer":{"data":[103,244,55,175,57,151,32,26,240,34,228,125],"type":"Buffer"},"level":"warn","message":"User saved successfully","service":"identity-service","timestamp":"2025-04-07T20:38:07.961Z"}
{"level":"info","message":"Received POST request to /api/auth/register","service":"identity-service","timestamp":"2025-04-07T20:42:10.729Z"}
{"level":"info","message":"Request body, [object Object]","service":"identity-service","timestamp":"2025-04-07T20:42:10.729Z"}
{"level":"info","message":"Registration endpoint hit...","service":"identity-service","timestamp":"2025-04-07T20:42:10.731Z"}
{"buffer":{"data":[103,244,56,162,57,151,32,26,240,34,228,130],"type":"Buffer"},"level":"warn","message":"User saved successfully","service":"identity-service","timestamp":"2025-04-07T20:42:10.866Z"}
{"level":"info","message":"identity service is running at 3001","service":"identity-service","timestamp":"2025-04-08T02:19:39.984Z"}
{"level":"info","message":"Connected to mongodb","service":"identity-service","timestamp":"2025-04-08T02:19:40.389Z"}
{"level":"info","message":"identity service is running at 3001","service":"identity-service","timestamp":"2025-04-08T02:20:10.746Z"}
{"level":"info","message":"Connected to mongodb","service":"identity-service","timestamp":"2025-04-08T02:20:11.136Z"}
{"level":"info","message":"identity service is running at 3001","service":"identity-service","timestamp":"2025-04-08T02:37:41.613Z"}
{"level":"info","message":"Connected to mongodb","service":"identity-service","timestamp":"2025-04-08T02:37:41.996Z"}
{"level":"info","message":"identity service is running at 3001","service":"identity-service","timestamp":"2025-04-08T02:37:48.391Z"}
{"level":"info","message":"Connected to mongodb","service":"identity-service","timestamp":"2025-04-08T02:37:48.731Z"}
{"level":"info","message":"identity service is running at 3001","service":"identity-service","timestamp":"2025-04-08T02:38:18.086Z"}
{"level":"info","message":"Connected to mongodb","service":"identity-service","timestamp":"2025-04-08T02:38:18.465Z"}
{"level":"info","message":"identity service is running at 3001","service":"identity-service","timestamp":"2025-04-08T02:38:29.877Z"}
{"level":"info","message":"Connected to mongodb","service":"identity-service","timestamp":"2025-04-08T02:38:30.238Z"}
{"level":"info","message":"identity service is running at 3001","service":"identity-service","timestamp":"2025-04-08T02:38:42.876Z"}
{"level":"info","message":"Connected to mongodb","service":"identity-service","timestamp":"2025-04-08T02:38:43.259Z"}
{"level":"info","message":"identity service is running at 3001","service":"identity-service","timestamp":"2025-04-08T02:39:15.465Z"}
{"level":"info","message":"Connected to mongodb","service":"identity-service","timestamp":"2025-04-08T02:39:15.833Z"}
{"level":"info","message":"identity service is running at 3001","service":"identity-service","timestamp":"2025-04-08T02:39:20.317Z"}
{"level":"info","message":"Connected to mongodb","service":"identity-service","timestamp":"2025-04-08T02:39:20.693Z"}
{"level":"info","message":"identity service is running at 3001","service":"identity-service","timestamp":"2025-04-08T02:40:52.338Z"}
{"level":"info","message":"Connected to mongodb","service":"identity-service","timestamp":"2025-04-08T02:40:52.699Z"}
{"level":"info","message":"identity service is running at 3001","service":"identity-service","timestamp":"2025-04-08T02:41:20.143Z"}
{"level":"info","message":"Connected to mongodb","service":"identity-service","timestamp":"2025-04-08T02:41:20.494Z"}
{"level":"info","message":"identity service is running at 3001","service":"identity-service","timestamp":"2025-04-08T02:42:44.662Z"}
{"level":"info","message":"Connected to mongodb","service":"identity-service","timestamp":"2025-04-08T02:42:45.009Z"}
{"level":"info","message":"identity service is running at 3001","service":"identity-service","timestamp":"2025-04-08T02:42:49.204Z"}
{"level":"info","message":"Connected to mongodb","service":"identity-service","timestamp":"2025-04-08T02:42:49.654Z"}
{"level":"info","message":"identity service is running at 3001","service":"identity-service","timestamp":"2025-04-08T02:43:35.711Z"}
{"level":"info","message":"Connected to mongodb","service":"identity-service","timestamp":"2025-04-08T02:43:36.119Z"}
{"level":"info","message":"identity service is running at 3001","service":"identity-service","timestamp":"2025-04-08T02:44:08.394Z"}
{"level":"info","message":"Connected to mongodb","service":"identity-service","timestamp":"2025-04-08T02:44:09.514Z"}
{"level":"info","message":"identity service is running at 3001","service":"identity-service","timestamp":"2025-04-08T02:44:23.341Z"}
{"level":"info","message":"Connected to mongodb","service":"identity-service","timestamp":"2025-04-08T02:44:23.684Z"}
{"level":"info","message":"identity service is running at 3001","service":"identity-service","timestamp":"2025-04-08T02:46:07.945Z"}
{"level":"info","message":"Connected to mongodb","service":"identity-service","timestamp":"2025-04-08T02:46:08.325Z"}
{"level":"info","message":"Received GET request to /api/auth/login","service":"identity-service","timestamp":"2025-04-08T02:47:56.475Z"}
{"level":"info","message":"Request body, [object Object]","service":"identity-service","timestamp":"2025-04-08T02:47:56.475Z"}
{"level":"info","message":"Received POST request to /api/auth/login","service":"identity-service","timestamp":"2025-04-08T02:48:02.142Z"}
{"level":"info","message":"Request body, [object Object]","service":"identity-service","timestamp":"2025-04-08T02:48:02.143Z"}
{"level":"info","message":"Login endpoint hit...","service":"identity-service","timestamp":"2025-04-08T02:48:02.145Z"}
{"level":"info","message":"identity service is running at 3001","service":"identity-service","timestamp":"2025-04-08T02:54:59.300Z"}
{"level":"info","message":"Connected to mongodb","service":"identity-service","timestamp":"2025-04-08T02:54:59.694Z"}
{"level":"info","message":"identity service is running at 3001","service":"identity-service","timestamp":"2025-04-08T03:50:59.076Z"}
{"level":"info","message":"Connected to mongodb","service":"identity-service","timestamp":"2025-04-08T03:50:59.546Z"}
{"level":"info","message":"identity service is running at 3001","service":"identity-service","timestamp":"2025-04-08T03:52:44.881Z"}
{"level":"info","message":"Connected to mongodb","service":"identity-service","timestamp":"2025-04-08T03:52:45.273Z"}
{"level":"info","message":"identity service is running at 3001","service":"identity-service","timestamp":"2025-04-08T03:54:37.864Z"}
{"level":"info","message":"Connected to mongodb","service":"identity-service","timestamp":"2025-04-08T03:54:38.224Z"}
{"level":"info","message":"identity service is running at 3001","service":"identity-service","timestamp":"2025-04-08T03:55:35.933Z"}
{"level":"info","message":"Connected to mongodb","service":"identity-service","timestamp":"2025-04-08T03:55:36.295Z"}
{"level":"info","message":"identity service is running at 3001","service":"identity-service","timestamp":"2025-04-08T03:56:55.668Z"}
{"level":"info","message":"Connected to mongodb","service":"identity-service","timestamp":"2025-04-08T03:56:56.040Z"}
{"level":"info","message":"identity service is running at 3001","service":"identity-service","timestamp":"2025-04-08T03:58:06.749Z"}
{"level":"info","message":"Connected to mongodb","service":"identity-service","timestamp":"2025-04-08T03:58:07.114Z"}
{"level":"info","message":"identity service is running at 3001","service":"identity-service","timestamp":"2025-04-08T03:59:05.981Z"}
{"level":"info","message":"Connected to mongodb","service":"identity-service","timestamp":"2025-04-08T03:59:06.328Z"}
{"level":"info","message":"identity service is running at 3001","service":"identity-service","timestamp":"2025-04-08T04:00:17.135Z"}
{"level":"info","message":"Connected to mongodb","service":"identity-service","timestamp":"2025-04-08T04:00:17.473Z"}
{"level":"info","message":"identity service is running at 3001","service":"identity-service","timestamp":"2025-04-08T04:03:39.061Z"}
{"level":"info","message":"Connected to mongodb","service":"identity-service","timestamp":"2025-04-08T04:03:39.441Z"}
{"level":"info","message":"identity service is running at 3001","service":"identity-service","timestamp":"2025-04-08T04:04:44.317Z"}
{"level":"info","message":"Connected to mongodb","service":"identity-service","timestamp":"2025-04-08T04:04:44.644Z"}
{"level":"info","message":"identity service is running at 3001","service":"identity-service","timestamp":"2025-04-08T04:05:31.484Z"}
{"level":"info","message":"Connected to mongodb","service":"identity-service","timestamp":"2025-04-08T04:05:31.848Z"}
{"level":"info","message":"identity service is running at 3001","service":"identity-service","timestamp":"2025-04-08T04:05:38.493Z"}
{"level":"info","message":"Connected to mongodb","service":"identity-service","timestamp":"2025-04-08T04:05:38.830Z"}
{"level":"info","message":"identity service is running at 3001","service":"identity-service","timestamp":"2025-04-08T04:06:14.878Z"}
{"level":"info","message":"Connected to mongodb","service":"identity-service","timestamp":"2025-04-08T04:06:15.308Z"}
{"level":"info","message":"identity service is running at 3001","service":"identity-service","timestamp":"2025-04-08T04:06:46.619Z"}
{"level":"info","message":"Connected to mongodb","service":"identity-service","timestamp":"2025-04-08T04:06:46.983Z"}
{"level":"info","message":"identity service is running at 3001","service":"identity-service","timestamp":"2025-04-08T04:08:23.689Z"}
{"level":"info","message":"Connected to mongodb","service":"identity-service","timestamp":"2025-04-08T04:08:24.074Z"}
{"level":"info","message":"identity service is running at 3001","service":"identity-service","timestamp":"2025-04-08T04:09:08.919Z"}
{"level":"info","message":"Connected to mongodb","service":"identity-service","timestamp":"2025-04-08T04:09:09.282Z"}
{"level":"info","message":"identity service is running at 3001","service":"identity-service","timestamp":"2025-04-08T04:09:57.339Z"}
{"level":"info","message":"Connected to mongodb","service":"identity-service","timestamp":"2025-04-08T04:09:57.749Z"}
{"level":"info","message":"identity service is running at 3001","service":"identity-service","timestamp":"2025-04-08T04:10:31.496Z"}
{"level":"info","message":"Connected to mongodb","service":"identity-service","timestamp":"2025-04-08T04:10:31.822Z"}
{"level":"info","message":"identity service is running at 3001","service":"identity-service","timestamp":"2025-04-08T04:11:00.715Z"}
{"level":"info","message":"Connected to mongodb","service":"identity-service","timestamp":"2025-04-08T04:11:01.054Z"}
{"level":"info","message":"identity service is running at 3001","service":"identity-service","timestamp":"2025-04-08T04:11:20.191Z"}
{"level":"info","message":"Connected to mongodb","service":"identity-service","timestamp":"2025-04-08T04:11:20.587Z"}
{"level":"info","message":"identity service is running at 3001","service":"identity-service","timestamp":"2025-04-08T04:12:06.092Z"}
{"level":"info","message":"Connected to mongodb","service":"identity-service","timestamp":"2025-04-08T04:12:06.505Z"}
{"level":"info","message":"identity service is running at 3001","service":"identity-service","timestamp":"2025-04-08T10:14:13.880Z"}
{"level":"info","message":"Connected to mongodb","service":"identity-service","timestamp":"2025-04-08T10:14:14.319Z"}
{"level":"info","message":"Received POST request to /api/auth/login","service":"identity-service","timestamp":"2025-04-08T10:36:22.126Z"}
{"level":"info","message":"Request body, [object Object]","service":"identity-service","timestamp":"2025-04-08T10:36:22.127Z"}
{"level":"info","message":"Login endpoint hit...","service":"identity-service","timestamp":"2025-04-08T10:36:22.129Z"}
{"level":"info","message":"Received POST request to /api/auth/login","service":"identity-service","timestamp":"2025-04-08T11:49:16.213Z"}
{"level":"info","message":"Request body, [object Object]","service":"identity-service","timestamp":"2025-04-08T11:49:16.214Z"}
{"level":"info","message":"Login endpoint hit...","service":"identity-service","timestamp":"2025-04-08T11:49:16.215Z"}
{"level":"info","message":"Received GET request to /api/posts/create-post","service":"identity-service","timestamp":"2025-04-08T12:17:48.974Z"}
{"level":"info","message":"Request body, [object Object]","service":"identity-service","timestamp":"2025-04-08T12:17:48.975Z"}
{"level":"info","message":"Received POST request to /api/posts/create-post","service":"identity-service","timestamp":"2025-04-08T12:17:55.772Z"}
{"level":"info","message":"Request body, [object Object]","service":"identity-service","timestamp":"2025-04-08T12:17:55.773Z"}
{"level":"info","message":"Received POST request to /api/posts/create-post","service":"identity-service","timestamp":"2025-04-08T12:17:58.071Z"}
{"level":"info","message":"Request body, [object Object]","service":"identity-service","timestamp":"2025-04-08T12:17:58.071Z"}
{"level":"info","message":"Received POST request to /api/auth/login","service":"identity-service","timestamp":"2025-04-08T12:18:17.355Z"}
{"level":"info","message":"Request body, [object Object]","service":"identity-service","timestamp":"2025-04-08T12:18:17.355Z"}
{"level":"info","message":"Login endpoint hit...","service":"identity-service","timestamp":"2025-04-08T12:18:17.356Z"}
{"level":"info","message":"Received POST request to /api/posts/create-post","service":"identity-service","timestamp":"2025-04-08T12:18:28.859Z"}
{"level":"info","message":"Request body, [object Object]","service":"identity-service","timestamp":"2025-04-08T12:18:28.860Z"}
{"level":"info","message":"Received POST request to /api/posts/create-post","service":"identity-service","timestamp":"2025-04-08T12:19:42.700Z"}
{"level":"info","message":"Request body, [object Object]","service":"identity-service","timestamp":"2025-04-08T12:19:42.701Z"}
{"level":"info","message":"Received POST request to /api/posts/create-post","service":"identity-service","timestamp":"2025-04-08T12:20:08.613Z"}
{"level":"info","message":"Request body, [object Object]","service":"identity-service","timestamp":"2025-04-08T12:20:08.613Z"}
{"level":"info","message":"Received POST request to /api/posts/create-post","service":"identity-service","timestamp":"2025-04-08T12:24:01.180Z"}
{"level":"info","message":"Request body, [object Object]","service":"identity-service","timestamp":"2025-04-08T12:24:01.180Z"}
{"level":"info","message":"Received POST request to /api/auth/login","service":"identity-service","timestamp":"2025-04-08T12:25:37.940Z"}
{"level":"info","message":"Request body, [object Object]","service":"identity-service","timestamp":"2025-04-08T12:25:37.941Z"}
{"level":"info","message":"Login endpoint hit...","service":"identity-service","timestamp":"2025-04-08T12:25:37.943Z"}
{"level":"info","message":"Received POST request to /api/posts/create-post","service":"identity-service","timestamp":"2025-04-08T12:26:21.355Z"}
{"level":"info","message":"Request body, [object Object]","service":"identity-service","timestamp":"2025-04-08T12:26:21.356Z"}
{"level":"info","message":"Received POST request to /api/posts/create-post","service":"identity-service","timestamp":"2025-04-08T12:37:12.258Z"}
{"level":"info","message":"Request body, [object Object]","service":"identity-service","timestamp":"2025-04-08T12:37:12.259Z"}
{"level":"info","message":"Received POST request to /api/posts/create-post","service":"identity-service","timestamp":"2025-04-08T12:41:47.884Z"}
{"level":"info","message":"Request body, [object Object]","service":"identity-service","timestamp":"2025-04-08T12:41:47.884Z"}
{"level":"info","message":"Received POST request to /api/posts/create-post","service":"identity-service","timestamp":"2025-04-08T12:44:19.160Z"}
{"level":"info","message":"Request body, [object Object]","service":"identity-service","timestamp":"2025-04-08T12:44:19.161Z"}
{"level":"info","message":"Received POST request to /api/auth/login","service":"identity-service","timestamp":"2025-04-08T12:44:26.586Z"}
{"level":"info","message":"Request body, [object Object]","service":"identity-service","timestamp":"2025-04-08T12:44:26.586Z"}
{"level":"info","message":"Login endpoint hit...","service":"identity-service","timestamp":"2025-04-08T12:44:26.587Z"}
{"level":"info","message":"Received POST request to /api/posts/create-post","service":"identity-service","timestamp":"2025-04-08T12:44:59.920Z"}
{"level":"info","message":"Request body, [object Object]","service":"identity-service","timestamp":"2025-04-08T12:44:59.920Z"}
{"level":"info","message":"Received POST request to /api/auth/login","service":"identity-service","timestamp":"2025-04-08T12:50:02.301Z"}
{"level":"info","message":"Request body, [object Object]","service":"identity-service","timestamp":"2025-04-08T12:50:02.302Z"}
{"level":"info","message":"Login endpoint hit...","service":"identity-service","timestamp":"2025-04-08T12:50:02.304Z"}
{"level":"info","message":"Received POST request to /api/posts/create-post","service":"identity-service","timestamp":"2025-04-08T12:50:50.523Z"}
{"level":"info","message":"Request body, [object Object]","service":"identity-service","timestamp":"2025-04-08T12:50:50.524Z"}
{"level":"info","message":"Received POST request to /api/posts/create-post","service":"identity-service","timestamp":"2025-04-08T12:55:22.497Z"}
{"level":"info","message":"Request body, [object Object]","service":"identity-service","timestamp":"2025-04-08T12:55:22.498Z"}
{"level":"info","message":"Received POST request to /api/posts/create-post","service":"identity-service","timestamp":"2025-04-08T12:55:24.569Z"}
{"level":"info","message":"Request body, [object Object]","service":"identity-service","timestamp":"2025-04-08T12:55:24.569Z"}
{"level":"info","message":"Received POST request to /api/auth/login","service":"identity-service","timestamp":"2025-04-08T13:04:26.119Z"}
{"level":"info","message":"Request body, [object Object]","service":"identity-service","timestamp":"2025-04-08T13:04:26.119Z"}
{"level":"info","message":"Login endpoint hit...","service":"identity-service","timestamp":"2025-04-08T13:04:26.121Z"}
{"level":"info","message":"Received POST request to /api/posts/create-post","service":"identity-service","timestamp":"2025-04-08T13:05:50.305Z"}
{"level":"info","message":"Request body, [object Object]","service":"identity-service","timestamp":"2025-04-08T13:05:50.306Z"}
{"level":"info","message":"Received POST request to /api/auth/login","service":"identity-service","timestamp":"2025-04-08T13:14:09.236Z"}
{"level":"info","message":"Request body, [object Object]","service":"identity-service","timestamp":"2025-04-08T13:14:09.237Z"}
{"level":"info","message":"Login endpoint hit...","service":"identity-service","timestamp":"2025-04-08T13:14:09.238Z"}
{"level":"info","message":"Received POST request to /api/posts/create-post","service":"identity-service","timestamp":"2025-04-08T13:14:26.368Z"}
{"level":"info","message":"Request body, [object Object]","service":"identity-service","timestamp":"2025-04-08T13:14:26.368Z"}
{"level":"info","message":"Received POST request to /api/auth/login","service":"identity-service","timestamp":"2025-04-08T13:19:31.736Z"}
{"level":"info","message":"Request body, [object Object]","service":"identity-service","timestamp":"2025-04-08T13:19:31.736Z"}
{"level":"info","message":"Login endpoint hit...","service":"identity-service","timestamp":"2025-04-08T13:19:31.737Z"}
{"level":"info","message":"Received POST request to /api/auth/register","service":"identity-service","timestamp":"2025-04-08T13:19:49.206Z"}
{"level":"info","message":"Request body, [object Object]","service":"identity-service","timestamp":"2025-04-08T13:19:49.206Z"}
{"level":"info","message":"Registration endpoint hit...","service":"identity-service","timestamp":"2025-04-08T13:19:49.210Z"}
{"buffer":{"data":[103,245,34,117,52,141,212,186,185,44,12,245],"type":"Buffer"},"level":"warn","message":"User saved successfully","service":"identity-service","timestamp":"2025-04-08T13:19:49.337Z"}
{"level":"info","message":"Received POST request to /api/auth/login","service":"identity-service","timestamp":"2025-04-08T19:08:51.305Z"}
{"level":"info","message":"Request body, [object Object]","service":"identity-service","timestamp":"2025-04-08T19:08:51.307Z"}
{"level":"info","message":"Login endpoint hit...","service":"identity-service","timestamp":"2025-04-08T19:08:51.308Z"}
